<?xml version="1.0" encoding="UTF-8"?>
<testng-results ignored="0" total="2" passed="2" failed="0" skipped="0">
  <reporter-output>
  </reporter-output>
  <suite started-at="2022-12-29T16:17:25 EET" name="Default suite" finished-at="2022-12-29T16:17:51 EET" duration-ms="26673">
    <groups>
    </groups>
    <test started-at="2022-12-29T16:17:25 EET" name="Default test" finished-at="2022-12-29T16:17:51 EET" duration-ms="26673">
      <class name="BMW">
        <test-method is-config="true" signature="this_is_before_test()[pri:0, instance:BMW@3e58a80e]" started-at="2022-12-29T16:17:25 EET" name="this_is_before_test" finished-at="2022-12-29T16:17:36 EET" duration-ms="11268" status="PASS">
          <reporter-output>
          </reporter-output>
        </test-method> <!-- this_is_before_test -->
        <test-method signature="check_if_all_results_contains_the_world_bmw()[pri:0, instance:BMW@3e58a80e]" started-at="2022-12-29T16:17:36 EET" name="check_if_all_results_contains_the_world_bmw" finished-at="2022-12-29T16:17:44 EET" duration-ms="7934" status="PASS">
          <reporter-output>
          </reporter-output>
        </test-method> <!-- check_if_all_results_contains_the_world_bmw -->
        <test-method signature="search_the_item_in_image()[pri:0, instance:BMW@3e58a80e]" started-at="2022-12-29T16:17:44 EET" name="search_the_item_in_image" finished-at="2022-12-29T16:17:51 EET" duration-ms="7357" status="PASS">
          <reporter-output>
          </reporter-output>
        </test-method> <!-- search_the_item_in_image -->
      </class> <!-- BMW -->
    </test> <!-- Default test -->
  </suite> <!-- Default suite -->
</testng-results>
